2025-07-29 12:49:34,382 INFO: Wi-Fi Security System startup [in C:\Users\thrit\Desktop\Wisec\app.py:200]
2025-07-29 12:49:34,387 INFO: Initializing AI models... [in C:\Users\thrit\Desktop\Wisec\app.py:208]
2025-07-29 12:49:34,387 INFO: Models already loaded [in C:\Users\thrit\Desktop\Wisec\app\ai_engine\model_loader.py:273]
2025-07-29 12:49:34,387 WARNING: Created default cnn_scaler - cnn_feature_scaler.pkl not found [in C:\Users\thrit\Desktop\Wisec\app\ai_engine\preprocessor.py:136]
2025-07-29 12:49:34,387 WARNING: Created default lstm_scaler - lstm_feature_scaler.pkl not found [in C:\Users\thrit\Desktop\Wisec\app\ai_engine\preprocessor.py:136]
2025-07-29 12:49:34,388 WARNING: Created default gnn_node_scaler - gnn_node_scaler.pkl not found [in C:\Users\thrit\Desktop\Wisec\app\ai_engine\preprocessor.py:136]
2025-07-29 12:49:34,388 WARNING: Created default gnn_edge_scaler - gnn_edge_scaler.pkl not found [in C:\Users\thrit\Desktop\Wisec\app\ai_engine\preprocessor.py:136]
2025-07-29 12:49:35,492 INFO: Initialized BERT tokenizer for Crypto-BERT model [in C:\Users\thrit\Desktop\Wisec\app\ai_engine\preprocessor.py:141]
2025-07-29 12:49:35,492 ERROR: Error loading ensemble configuration: expected str, bytes or os.PathLike object, not ModelLoader [in C:\Users\thrit\Desktop\Wisec\app\ai_engine\ensemble_predictor.py:83]
2025-07-29 12:49:35,492 INFO: Default ensemble weights initialized [in C:\Users\thrit\Desktop\Wisec\app\ai_engine\ensemble_predictor.py:114]
2025-07-29 12:49:35,492 INFO: EnsembleFusionModel initialized successfully [in C:\Users\thrit\Desktop\Wisec\app\ai_engine\ensemble_predictor.py:54]
2025-07-29 12:49:35,496 ERROR: Failed to initialize AI models: ModelMonitor.__init__() takes from 1 to 2 positional arguments but 3 were given [in C:\Users\thrit\Desktop\Wisec\app.py:249]
2025-07-29 12:49:35,500 INFO: Auth blueprint registered successfully [in C:\Users\thrit\Desktop\Wisec\app.py:266]
2025-07-29 12:49:35,500 INFO: Main blueprint registered successfully [in C:\Users\thrit\Desktop\Wisec\app.py:275]
2025-07-29 12:49:35,501 INFO: Admin blueprint registered successfully [in C:\Users\thrit\Desktop\Wisec\app.py:284]
2025-07-29 12:49:35,506 INFO: API blueprint registered successfully [in C:\Users\thrit\Desktop\Wisec\app.py:293]
2025-07-29 12:49:35,506 INFO: 4 blueprints registered successfully [in C:\Users\thrit\Desktop\Wisec\app.py:297]
2025-07-29 12:49:35,511 INFO: Database setup completed successfully [in C:\Users\thrit\Desktop\Wisec\app.py:404]
2025-07-29 12:49:35,512 INFO: Security configuration completed [in C:\Users\thrit\Desktop\Wisec\app.py:437]
2025-07-29 13:11:59,201 INFO: Wi-Fi Security System startup [in C:\Users\thrit\Desktop\Wisec\app.py:200]
2025-07-29 13:11:59,201 INFO: Initializing AI models... [in C:\Users\thrit\Desktop\Wisec\app.py:208]
2025-07-29 13:11:59,201 INFO: Models already loaded [in C:\Users\thrit\Desktop\Wisec\app\ai_engine\model_loader.py:273]
2025-07-29 13:11:59,202 WARNING: Created default cnn_scaler - cnn_feature_scaler.pkl not found [in C:\Users\thrit\Desktop\Wisec\app\ai_engine\preprocessor.py:136]
2025-07-29 13:11:59,202 WARNING: Created default lstm_scaler - lstm_feature_scaler.pkl not found [in C:\Users\thrit\Desktop\Wisec\app\ai_engine\preprocessor.py:136]
2025-07-29 13:11:59,202 WARNING: Created default gnn_node_scaler - gnn_node_scaler.pkl not found [in C:\Users\thrit\Desktop\Wisec\app\ai_engine\preprocessor.py:136]
2025-07-29 13:11:59,202 WARNING: Created default gnn_edge_scaler - gnn_edge_scaler.pkl not found [in C:\Users\thrit\Desktop\Wisec\app\ai_engine\preprocessor.py:136]
2025-07-29 13:12:00,223 INFO: Initialized BERT tokenizer for Crypto-BERT model [in C:\Users\thrit\Desktop\Wisec\app\ai_engine\preprocessor.py:141]
2025-07-29 13:12:00,223 ERROR: Error loading ensemble configuration: expected str, bytes or os.PathLike object, not ModelLoader [in C:\Users\thrit\Desktop\Wisec\app\ai_engine\ensemble_predictor.py:83]
2025-07-29 13:12:00,223 INFO: Default ensemble weights initialized [in C:\Users\thrit\Desktop\Wisec\app\ai_engine\ensemble_predictor.py:114]
2025-07-29 13:12:00,223 INFO: EnsembleFusionModel initialized successfully [in C:\Users\thrit\Desktop\Wisec\app\ai_engine\ensemble_predictor.py:54]
2025-07-29 13:12:00,226 ERROR: Failed to initialize AI models: ModelMonitor.__init__() takes from 1 to 2 positional arguments but 3 were given [in C:\Users\thrit\Desktop\Wisec\app.py:249]
2025-07-29 13:12:00,231 INFO: Auth blueprint registered successfully [in C:\Users\thrit\Desktop\Wisec\app.py:266]
2025-07-29 13:12:00,231 INFO: Main blueprint registered successfully [in C:\Users\thrit\Desktop\Wisec\app.py:275]
2025-07-29 13:12:00,232 WARNING: Admin blueprint not found: cannot import name 'UserRole' from 'app.models.user' (C:\Users\thrit\Desktop\Wisec\app\models\user.py) [in C:\Users\thrit\Desktop\Wisec\app.py:286]
2025-07-29 13:12:00,238 INFO: API blueprint registered successfully [in C:\Users\thrit\Desktop\Wisec\app.py:293]
2025-07-29 13:12:00,238 INFO: 3 blueprints registered successfully [in C:\Users\thrit\Desktop\Wisec\app.py:297]
2025-07-29 13:12:00,243 ERROR: Database setup failed: (sqlite3.OperationalError) no such column: users.verified_at
[SQL: SELECT users.id AS users_id, users.email AS users_email, users.password_hash AS users_password_hash, users.is_verified AS users_is_verified, users.is_admin_approved AS users_is_admin_approved, users.created_at AS users_created_at, users.last_login AS users_last_login, users.verified_at AS users_verified_at, users.password_changed_at AS users_password_changed_at, users.role AS users_role, users.profile_data AS users_profile_data, users.security_settings AS users_security_settings, users.preferences AS users_preferences, users.verification_token AS users_verification_token, users.verification_token_expires AS users_verification_token_expires, users.reset_token AS users_reset_token, users.reset_token_expires AS users_reset_token_expires, users.is_active AS users_is_active, users.failed_login_attempts AS users_failed_login_attempts, users.locked_until AS users_locked_until 
FROM users 
WHERE users.email IS NULL
 LIMIT ? OFFSET ?]
[parameters: (1, 0)]
(Background on this error at: https://sqlalche.me/e/20/e3q8) [in C:\Users\thrit\Desktop\Wisec\app.py:407]
2025-07-29 13:12:00,243 INFO: Security configuration completed [in C:\Users\thrit\Desktop\Wisec\app.py:437]
2025-08-02 20:57:59,515 INFO: Wi-Fi Security System startup [in C:\Users\thrit\Desktop\Wisec\app.py:275]
2025-08-02 20:57:59,521 INFO: Initializing AI models... [in C:\Users\thrit\Desktop\Wisec\app.py:283]
2025-08-02 20:57:59,522 INFO: Models already loaded [in C:\Users\thrit\Desktop\Wisec\app\ai_engine\model_loader.py:273]
2025-08-02 20:57:59,522 WARNING: Created default cnn_scaler - cnn_feature_scaler.pkl not found [in C:\Users\thrit\Desktop\Wisec\app\ai_engine\preprocessor.py:136]
2025-08-02 20:57:59,522 WARNING: Created default lstm_scaler - lstm_feature_scaler.pkl not found [in C:\Users\thrit\Desktop\Wisec\app\ai_engine\preprocessor.py:136]
2025-08-02 20:57:59,522 WARNING: Created default gnn_node_scaler - gnn_node_scaler.pkl not found [in C:\Users\thrit\Desktop\Wisec\app\ai_engine\preprocessor.py:136]
2025-08-02 20:57:59,522 WARNING: Created default gnn_edge_scaler - gnn_edge_scaler.pkl not found [in C:\Users\thrit\Desktop\Wisec\app\ai_engine\preprocessor.py:136]
2025-08-02 20:58:00,505 INFO: Initialized BERT tokenizer for Crypto-BERT model [in C:\Users\thrit\Desktop\Wisec\app\ai_engine\preprocessor.py:141]
2025-08-02 20:58:00,505 ERROR: Error loading ensemble configuration: expected str, bytes or os.PathLike object, not ModelLoader [in C:\Users\thrit\Desktop\Wisec\app\ai_engine\ensemble_predictor.py:83]
2025-08-02 20:58:00,505 INFO: Default ensemble weights initialized [in C:\Users\thrit\Desktop\Wisec\app\ai_engine\ensemble_predictor.py:114]
2025-08-02 20:58:00,505 INFO: EnsembleFusionModel initialized successfully [in C:\Users\thrit\Desktop\Wisec\app\ai_engine\ensemble_predictor.py:54]
2025-08-02 20:58:00,519 ERROR: Failed to initialize AI models: ModelMonitor.__init__() takes from 1 to 2 positional arguments but 3 were given [in C:\Users\thrit\Desktop\Wisec\app.py:324]
2025-08-02 20:58:00,524 INFO: Email queue processing stopped [in C:\Users\thrit\Desktop\Wisec\app\utils\email_sender.py:170]
2025-08-02 20:58:00,528 INFO: Auth blueprint registered successfully [in C:\Users\thrit\Desktop\Wisec\app.py:341]
2025-08-02 20:58:00,528 INFO: Main blueprint registered successfully [in C:\Users\thrit\Desktop\Wisec\app.py:350]
2025-08-02 20:58:00,529 WARNING: Admin blueprint not found: cannot import name 'UserRole' from 'app.models.user' (C:\Users\thrit\Desktop\Wisec\app\models\user.py) [in C:\Users\thrit\Desktop\Wisec\app.py:361]
2025-08-02 20:58:00,535 INFO: API blueprint registered successfully [in C:\Users\thrit\Desktop\Wisec\app.py:368]
2025-08-02 20:58:00,535 INFO: 3 blueprints registered successfully [in C:\Users\thrit\Desktop\Wisec\app.py:372]
2025-08-02 20:58:00,539 INFO: Database setup completed successfully [in C:\Users\thrit\Desktop\Wisec\app.py:536]
2025-08-02 20:58:00,541 INFO: Email queue processing stopped [in C:\Users\thrit\Desktop\Wisec\app\utils\email_sender.py:170]
2025-08-02 20:58:00,541 INFO: Security configuration completed [in C:\Users\thrit\Desktop\Wisec\app.py:569]
2025-08-02 20:58:06,287 INFO: Wi-Fi Security System startup [in C:\Users\thrit\Desktop\Wisec\app.py:275]
2025-08-02 20:58:06,288 INFO: Initializing AI models... [in C:\Users\thrit\Desktop\Wisec\app.py:283]
2025-08-02 20:58:06,288 INFO: Models already loaded [in C:\Users\thrit\Desktop\Wisec\app\ai_engine\model_loader.py:273]
2025-08-02 20:58:06,288 WARNING: Created default cnn_scaler - cnn_feature_scaler.pkl not found [in C:\Users\thrit\Desktop\Wisec\app\ai_engine\preprocessor.py:136]
2025-08-02 20:58:06,289 WARNING: Created default lstm_scaler - lstm_feature_scaler.pkl not found [in C:\Users\thrit\Desktop\Wisec\app\ai_engine\preprocessor.py:136]
2025-08-02 20:58:06,289 WARNING: Created default gnn_node_scaler - gnn_node_scaler.pkl not found [in C:\Users\thrit\Desktop\Wisec\app\ai_engine\preprocessor.py:136]
2025-08-02 20:58:06,289 WARNING: Created default gnn_edge_scaler - gnn_edge_scaler.pkl not found [in C:\Users\thrit\Desktop\Wisec\app\ai_engine\preprocessor.py:136]
2025-08-02 20:58:07,266 INFO: Initialized BERT tokenizer for Crypto-BERT model [in C:\Users\thrit\Desktop\Wisec\app\ai_engine\preprocessor.py:141]
2025-08-02 20:58:07,266 ERROR: Error loading ensemble configuration: expected str, bytes or os.PathLike object, not ModelLoader [in C:\Users\thrit\Desktop\Wisec\app\ai_engine\ensemble_predictor.py:83]
2025-08-02 20:58:07,266 INFO: Default ensemble weights initialized [in C:\Users\thrit\Desktop\Wisec\app\ai_engine\ensemble_predictor.py:114]
2025-08-02 20:58:07,266 INFO: EnsembleFusionModel initialized successfully [in C:\Users\thrit\Desktop\Wisec\app\ai_engine\ensemble_predictor.py:54]
2025-08-02 20:58:07,269 ERROR: Failed to initialize AI models: ModelMonitor.__init__() takes from 1 to 2 positional arguments but 3 were given [in C:\Users\thrit\Desktop\Wisec\app.py:324]
2025-08-02 20:58:07,299 INFO: Email queue processing stopped [in C:\Users\thrit\Desktop\Wisec\app\utils\email_sender.py:170]
2025-08-02 20:58:07,303 INFO: Auth blueprint registered successfully [in C:\Users\thrit\Desktop\Wisec\app.py:341]
2025-08-02 20:58:07,303 INFO: Main blueprint registered successfully [in C:\Users\thrit\Desktop\Wisec\app.py:350]
2025-08-02 20:58:07,305 WARNING: Admin blueprint not found: cannot import name 'UserRole' from 'app.models.user' (C:\Users\thrit\Desktop\Wisec\app\models\user.py) [in C:\Users\thrit\Desktop\Wisec\app.py:361]
2025-08-02 20:58:07,310 INFO: API blueprint registered successfully [in C:\Users\thrit\Desktop\Wisec\app.py:368]
2025-08-02 20:58:07,310 INFO: 3 blueprints registered successfully [in C:\Users\thrit\Desktop\Wisec\app.py:372]
2025-08-02 20:58:07,315 INFO: Database setup completed successfully [in C:\Users\thrit\Desktop\Wisec\app.py:536]
2025-08-02 20:58:07,315 INFO: Email queue processing stopped [in C:\Users\thrit\Desktop\Wisec\app\utils\email_sender.py:170]
2025-08-02 20:58:07,316 INFO: Security configuration completed [in C:\Users\thrit\Desktop\Wisec\app.py:569]
2025-08-03 15:14:29,710 INFO: Wi-Fi Security System startup [in C:\Users\thrit\Desktop\Wisec\app.py:301]
2025-08-03 15:14:29,712 INFO: Initializing AI models... [in C:\Users\thrit\Desktop\Wisec\app.py:309]
2025-08-03 15:14:29,712 INFO: Models already loaded [in C:\Users\thrit\Desktop\Wisec\app\ai_engine\model_loader.py:273]
2025-08-03 15:14:29,713 WARNING: Created default cnn_scaler - cnn_feature_scaler.pkl not found [in C:\Users\thrit\Desktop\Wisec\app\ai_engine\preprocessor.py:136]
2025-08-03 15:14:29,713 WARNING: Created default lstm_scaler - lstm_feature_scaler.pkl not found [in C:\Users\thrit\Desktop\Wisec\app\ai_engine\preprocessor.py:136]
2025-08-03 15:14:29,714 WARNING: Created default gnn_node_scaler - gnn_node_scaler.pkl not found [in C:\Users\thrit\Desktop\Wisec\app\ai_engine\preprocessor.py:136]
2025-08-03 15:14:29,715 WARNING: Created default gnn_edge_scaler - gnn_edge_scaler.pkl not found [in C:\Users\thrit\Desktop\Wisec\app\ai_engine\preprocessor.py:136]
2025-08-03 15:14:31,009 INFO: Initialized BERT tokenizer for Crypto-BERT model [in C:\Users\thrit\Desktop\Wisec\app\ai_engine\preprocessor.py:141]
2025-08-03 15:14:31,009 ERROR: Error loading ensemble configuration: expected str, bytes or os.PathLike object, not ModelLoader [in C:\Users\thrit\Desktop\Wisec\app\ai_engine\ensemble_predictor.py:83]
2025-08-03 15:14:31,010 INFO: Default ensemble weights initialized [in C:\Users\thrit\Desktop\Wisec\app\ai_engine\ensemble_predictor.py:114]
2025-08-03 15:14:31,010 INFO: EnsembleFusionModel initialized successfully [in C:\Users\thrit\Desktop\Wisec\app\ai_engine\ensemble_predictor.py:54]
2025-08-03 15:14:31,016 ERROR: Failed to initialize AI models: ModelMonitor.__init__() takes from 1 to 2 positional arguments but 3 were given [in C:\Users\thrit\Desktop\Wisec\app.py:350]
2025-08-03 15:14:31,026 INFO: Auth blueprint registered successfully [in C:\Users\thrit\Desktop\Wisec\app.py:367]
2025-08-03 15:14:31,034 INFO: Main blueprint registered successfully [in C:\Users\thrit\Desktop\Wisec\app.py:376]
2025-08-03 15:14:31,036 INFO: Admin blueprint registered successfully [in C:\Users\thrit\Desktop\Wisec\app.py:385]
2025-08-03 15:14:31,047 INFO: API blueprint registered successfully [in C:\Users\thrit\Desktop\Wisec\app.py:394]
2025-08-03 15:14:31,048 INFO: 4 blueprints registered successfully [in C:\Users\thrit\Desktop\Wisec\app.py:398]
2025-08-03 15:14:31,062 INFO: Database setup completed successfully [in C:\Users\thrit\Desktop\Wisec\app.py:588]
2025-08-03 15:14:31,064 INFO: Security configuration completed [in C:\Users\thrit\Desktop\Wisec\app.py:621]
2025-08-03 15:14:40,613 INFO: Wi-Fi Security System startup [in C:\Users\thrit\Desktop\Wisec\app.py:301]
2025-08-03 15:14:40,614 INFO: Initializing AI models... [in C:\Users\thrit\Desktop\Wisec\app.py:309]
2025-08-03 15:14:40,615 INFO: Models already loaded [in C:\Users\thrit\Desktop\Wisec\app\ai_engine\model_loader.py:273]
2025-08-03 15:14:40,616 WARNING: Created default cnn_scaler - cnn_feature_scaler.pkl not found [in C:\Users\thrit\Desktop\Wisec\app\ai_engine\preprocessor.py:136]
2025-08-03 15:14:40,617 WARNING: Created default lstm_scaler - lstm_feature_scaler.pkl not found [in C:\Users\thrit\Desktop\Wisec\app\ai_engine\preprocessor.py:136]
2025-08-03 15:14:40,618 WARNING: Created default gnn_node_scaler - gnn_node_scaler.pkl not found [in C:\Users\thrit\Desktop\Wisec\app\ai_engine\preprocessor.py:136]
2025-08-03 15:14:40,618 WARNING: Created default gnn_edge_scaler - gnn_edge_scaler.pkl not found [in C:\Users\thrit\Desktop\Wisec\app\ai_engine\preprocessor.py:136]
2025-08-03 15:14:42,176 INFO: Initialized BERT tokenizer for Crypto-BERT model [in C:\Users\thrit\Desktop\Wisec\app\ai_engine\preprocessor.py:141]
2025-08-03 15:14:42,177 ERROR: Error loading ensemble configuration: expected str, bytes or os.PathLike object, not ModelLoader [in C:\Users\thrit\Desktop\Wisec\app\ai_engine\ensemble_predictor.py:83]
2025-08-03 15:14:42,178 INFO: Default ensemble weights initialized [in C:\Users\thrit\Desktop\Wisec\app\ai_engine\ensemble_predictor.py:114]
2025-08-03 15:14:42,178 INFO: EnsembleFusionModel initialized successfully [in C:\Users\thrit\Desktop\Wisec\app\ai_engine\ensemble_predictor.py:54]
2025-08-03 15:14:42,196 ERROR: Failed to initialize AI models: ModelMonitor.__init__() takes from 1 to 2 positional arguments but 3 were given [in C:\Users\thrit\Desktop\Wisec\app.py:350]
2025-08-03 15:14:42,214 INFO: Auth blueprint registered successfully [in C:\Users\thrit\Desktop\Wisec\app.py:367]
2025-08-03 15:14:42,215 INFO: Main blueprint registered successfully [in C:\Users\thrit\Desktop\Wisec\app.py:376]
2025-08-03 15:14:42,218 INFO: Admin blueprint registered successfully [in C:\Users\thrit\Desktop\Wisec\app.py:385]
2025-08-03 15:14:42,251 INFO: API blueprint registered successfully [in C:\Users\thrit\Desktop\Wisec\app.py:394]
2025-08-03 15:14:42,252 INFO: 4 blueprints registered successfully [in C:\Users\thrit\Desktop\Wisec\app.py:398]
2025-08-03 15:14:42,276 INFO: Database setup completed successfully [in C:\Users\thrit\Desktop\Wisec\app.py:588]
2025-08-03 15:14:42,277 INFO: Security configuration completed [in C:\Users\thrit\Desktop\Wisec\app.py:621]
2025-08-03 15:23:17,880 INFO: Wi-Fi Security System startup [in C:\Users\thrit\Desktop\Wisec\app.py:301]
2025-08-03 15:23:17,881 INFO: Initializing AI models... [in C:\Users\thrit\Desktop\Wisec\app.py:309]
2025-08-03 15:23:17,881 INFO: Models already loaded [in C:\Users\thrit\Desktop\Wisec\app\ai_engine\model_loader.py:273]
2025-08-03 15:23:17,882 WARNING: Created default cnn_scaler - cnn_feature_scaler.pkl not found [in C:\Users\thrit\Desktop\Wisec\app\ai_engine\preprocessor.py:136]
2025-08-03 15:23:17,884 WARNING: Created default lstm_scaler - lstm_feature_scaler.pkl not found [in C:\Users\thrit\Desktop\Wisec\app\ai_engine\preprocessor.py:136]
2025-08-03 15:23:17,885 WARNING: Created default gnn_node_scaler - gnn_node_scaler.pkl not found [in C:\Users\thrit\Desktop\Wisec\app\ai_engine\preprocessor.py:136]
2025-08-03 15:23:17,885 WARNING: Created default gnn_edge_scaler - gnn_edge_scaler.pkl not found [in C:\Users\thrit\Desktop\Wisec\app\ai_engine\preprocessor.py:136]
2025-08-03 15:23:20,110 INFO: Initialized BERT tokenizer for Crypto-BERT model [in C:\Users\thrit\Desktop\Wisec\app\ai_engine\preprocessor.py:141]
2025-08-03 15:23:20,111 ERROR: Error loading ensemble configuration: expected str, bytes or os.PathLike object, not ModelLoader [in C:\Users\thrit\Desktop\Wisec\app\ai_engine\ensemble_predictor.py:83]
2025-08-03 15:23:20,112 INFO: Default ensemble weights initialized [in C:\Users\thrit\Desktop\Wisec\app\ai_engine\ensemble_predictor.py:114]
2025-08-03 15:23:20,113 INFO: EnsembleFusionModel initialized successfully [in C:\Users\thrit\Desktop\Wisec\app\ai_engine\ensemble_predictor.py:54]
2025-08-03 15:23:20,121 ERROR: Failed to initialize AI models: ModelMonitor.__init__() takes from 1 to 2 positional arguments but 3 were given [in C:\Users\thrit\Desktop\Wisec\app.py:350]
2025-08-03 15:23:20,129 INFO: Auth blueprint registered successfully [in C:\Users\thrit\Desktop\Wisec\app.py:367]
2025-08-03 15:23:20,136 INFO: Main blueprint registered successfully [in C:\Users\thrit\Desktop\Wisec\app.py:376]
2025-08-03 15:23:20,138 INFO: Admin blueprint registered successfully [in C:\Users\thrit\Desktop\Wisec\app.py:385]
2025-08-03 15:23:20,149 INFO: API blueprint registered successfully [in C:\Users\thrit\Desktop\Wisec\app.py:394]
2025-08-03 15:23:20,150 INFO: 4 blueprints registered successfully [in C:\Users\thrit\Desktop\Wisec\app.py:398]
2025-08-03 15:23:20,164 INFO: Database setup completed successfully [in C:\Users\thrit\Desktop\Wisec\app.py:588]
2025-08-03 15:23:20,165 INFO: Security configuration completed [in C:\Users\thrit\Desktop\Wisec\app.py:621]
2025-08-03 15:23:32,597 INFO: Wi-Fi Security System startup [in C:\Users\thrit\Desktop\Wisec\app.py:301]
2025-08-03 15:23:32,599 INFO: Initializing AI models... [in C:\Users\thrit\Desktop\Wisec\app.py:309]
2025-08-03 15:23:32,600 INFO: Models already loaded [in C:\Users\thrit\Desktop\Wisec\app\ai_engine\model_loader.py:273]
2025-08-03 15:23:32,601 WARNING: Created default cnn_scaler - cnn_feature_scaler.pkl not found [in C:\Users\thrit\Desktop\Wisec\app\ai_engine\preprocessor.py:136]
2025-08-03 15:23:32,602 WARNING: Created default lstm_scaler - lstm_feature_scaler.pkl not found [in C:\Users\thrit\Desktop\Wisec\app\ai_engine\preprocessor.py:136]
2025-08-03 15:23:32,602 WARNING: Created default gnn_node_scaler - gnn_node_scaler.pkl not found [in C:\Users\thrit\Desktop\Wisec\app\ai_engine\preprocessor.py:136]
2025-08-03 15:23:32,603 WARNING: Created default gnn_edge_scaler - gnn_edge_scaler.pkl not found [in C:\Users\thrit\Desktop\Wisec\app\ai_engine\preprocessor.py:136]
2025-08-03 15:23:35,886 INFO: Initialized BERT tokenizer for Crypto-BERT model [in C:\Users\thrit\Desktop\Wisec\app\ai_engine\preprocessor.py:141]
2025-08-03 15:23:35,887 ERROR: Error loading ensemble configuration: expected str, bytes or os.PathLike object, not ModelLoader [in C:\Users\thrit\Desktop\Wisec\app\ai_engine\ensemble_predictor.py:83]
2025-08-03 15:23:35,887 INFO: Default ensemble weights initialized [in C:\Users\thrit\Desktop\Wisec\app\ai_engine\ensemble_predictor.py:114]
2025-08-03 15:23:35,887 INFO: EnsembleFusionModel initialized successfully [in C:\Users\thrit\Desktop\Wisec\app\ai_engine\ensemble_predictor.py:54]
2025-08-03 15:23:35,894 ERROR: Failed to initialize AI models: ModelMonitor.__init__() takes from 1 to 2 positional arguments but 3 were given [in C:\Users\thrit\Desktop\Wisec\app.py:350]
2025-08-03 15:23:35,903 INFO: Auth blueprint registered successfully [in C:\Users\thrit\Desktop\Wisec\app.py:367]
2025-08-03 15:23:35,910 INFO: Main blueprint registered successfully [in C:\Users\thrit\Desktop\Wisec\app.py:376]
2025-08-03 15:23:35,911 INFO: Admin blueprint registered successfully [in C:\Users\thrit\Desktop\Wisec\app.py:385]
2025-08-03 15:23:35,924 INFO: API blueprint registered successfully [in C:\Users\thrit\Desktop\Wisec\app.py:394]
2025-08-03 15:23:35,924 INFO: 4 blueprints registered successfully [in C:\Users\thrit\Desktop\Wisec\app.py:398]
2025-08-03 15:23:35,936 INFO: Database setup completed successfully [in C:\Users\thrit\Desktop\Wisec\app.py:588]
2025-08-03 15:23:35,937 INFO: Security configuration completed [in C:\Users\thrit\Desktop\Wisec\app.py:621]
2025-08-03 15:26:26,451 INFO: Wi-Fi Security System startup [in C:\Users\thrit\Desktop\Wisec\app.py:301]
2025-08-03 15:26:26,452 INFO: Initializing AI models... [in C:\Users\thrit\Desktop\Wisec\app.py:309]
2025-08-03 15:26:26,452 INFO: Models already loaded [in C:\Users\thrit\Desktop\Wisec\app\ai_engine\model_loader.py:273]
2025-08-03 15:26:26,453 WARNING: Created default cnn_scaler - cnn_feature_scaler.pkl not found [in C:\Users\thrit\Desktop\Wisec\app\ai_engine\preprocessor.py:136]
2025-08-03 15:26:26,453 WARNING: Created default lstm_scaler - lstm_feature_scaler.pkl not found [in C:\Users\thrit\Desktop\Wisec\app\ai_engine\preprocessor.py:136]
2025-08-03 15:26:26,453 WARNING: Created default gnn_node_scaler - gnn_node_scaler.pkl not found [in C:\Users\thrit\Desktop\Wisec\app\ai_engine\preprocessor.py:136]
2025-08-03 15:26:26,453 WARNING: Created default gnn_edge_scaler - gnn_edge_scaler.pkl not found [in C:\Users\thrit\Desktop\Wisec\app\ai_engine\preprocessor.py:136]
2025-08-03 15:26:27,799 INFO: Initialized BERT tokenizer for Crypto-BERT model [in C:\Users\thrit\Desktop\Wisec\app\ai_engine\preprocessor.py:141]
2025-08-03 15:26:27,800 ERROR: Error loading ensemble configuration: expected str, bytes or os.PathLike object, not ModelLoader [in C:\Users\thrit\Desktop\Wisec\app\ai_engine\ensemble_predictor.py:83]
2025-08-03 15:26:27,801 INFO: Default ensemble weights initialized [in C:\Users\thrit\Desktop\Wisec\app\ai_engine\ensemble_predictor.py:114]
2025-08-03 15:26:27,801 INFO: EnsembleFusionModel initialized successfully [in C:\Users\thrit\Desktop\Wisec\app\ai_engine\ensemble_predictor.py:54]
2025-08-03 15:26:27,808 ERROR: Failed to initialize AI models: ModelMonitor.__init__() takes from 1 to 2 positional arguments but 3 were given [in C:\Users\thrit\Desktop\Wisec\app.py:350]
2025-08-03 15:26:27,816 INFO: Auth blueprint registered successfully [in C:\Users\thrit\Desktop\Wisec\app.py:367]
2025-08-03 15:26:27,827 INFO: Main blueprint registered successfully [in C:\Users\thrit\Desktop\Wisec\app.py:376]
2025-08-03 15:26:27,829 INFO: Admin blueprint registered successfully [in C:\Users\thrit\Desktop\Wisec\app.py:385]
2025-08-03 15:26:27,837 INFO: API blueprint registered successfully [in C:\Users\thrit\Desktop\Wisec\app.py:394]
2025-08-03 15:26:27,838 INFO: 4 blueprints registered successfully [in C:\Users\thrit\Desktop\Wisec\app.py:398]
2025-08-03 15:26:27,850 INFO: Database setup completed successfully [in C:\Users\thrit\Desktop\Wisec\app.py:588]
2025-08-03 15:26:27,851 INFO: Security configuration completed [in C:\Users\thrit\Desktop\Wisec\app.py:621]
2025-08-03 15:26:37,653 INFO: Wi-Fi Security System startup [in C:\Users\thrit\Desktop\Wisec\app.py:301]
2025-08-03 15:26:37,653 INFO: Initializing AI models... [in C:\Users\thrit\Desktop\Wisec\app.py:309]
2025-08-03 15:26:37,655 INFO: Models already loaded [in C:\Users\thrit\Desktop\Wisec\app\ai_engine\model_loader.py:273]
2025-08-03 15:26:37,656 WARNING: Created default cnn_scaler - cnn_feature_scaler.pkl not found [in C:\Users\thrit\Desktop\Wisec\app\ai_engine\preprocessor.py:136]
2025-08-03 15:26:37,656 WARNING: Created default lstm_scaler - lstm_feature_scaler.pkl not found [in C:\Users\thrit\Desktop\Wisec\app\ai_engine\preprocessor.py:136]
2025-08-03 15:26:37,657 WARNING: Created default gnn_node_scaler - gnn_node_scaler.pkl not found [in C:\Users\thrit\Desktop\Wisec\app\ai_engine\preprocessor.py:136]
2025-08-03 15:26:37,658 WARNING: Created default gnn_edge_scaler - gnn_edge_scaler.pkl not found [in C:\Users\thrit\Desktop\Wisec\app\ai_engine\preprocessor.py:136]
2025-08-03 15:26:38,796 INFO: Initialized BERT tokenizer for Crypto-BERT model [in C:\Users\thrit\Desktop\Wisec\app\ai_engine\preprocessor.py:141]
2025-08-03 15:26:38,796 ERROR: Error loading ensemble configuration: expected str, bytes or os.PathLike object, not ModelLoader [in C:\Users\thrit\Desktop\Wisec\app\ai_engine\ensemble_predictor.py:83]
2025-08-03 15:26:38,797 INFO: Default ensemble weights initialized [in C:\Users\thrit\Desktop\Wisec\app\ai_engine\ensemble_predictor.py:114]
2025-08-03 15:26:38,797 INFO: EnsembleFusionModel initialized successfully [in C:\Users\thrit\Desktop\Wisec\app\ai_engine\ensemble_predictor.py:54]
2025-08-03 15:26:38,803 ERROR: Failed to initialize AI models: ModelMonitor.__init__() takes from 1 to 2 positional arguments but 3 were given [in C:\Users\thrit\Desktop\Wisec\app.py:350]
2025-08-03 15:26:38,810 INFO: Auth blueprint registered successfully [in C:\Users\thrit\Desktop\Wisec\app.py:367]
2025-08-03 15:26:38,820 INFO: Main blueprint registered successfully [in C:\Users\thrit\Desktop\Wisec\app.py:376]
2025-08-03 15:26:38,821 INFO: Admin blueprint registered successfully [in C:\Users\thrit\Desktop\Wisec\app.py:385]
2025-08-03 15:26:38,837 INFO: API blueprint registered successfully [in C:\Users\thrit\Desktop\Wisec\app.py:394]
2025-08-03 15:26:38,837 INFO: 4 blueprints registered successfully [in C:\Users\thrit\Desktop\Wisec\app.py:398]
2025-08-03 15:26:38,852 INFO: Database setup completed successfully [in C:\Users\thrit\Desktop\Wisec\app.py:588]
2025-08-03 15:26:38,852 INFO: Security configuration completed [in C:\Users\thrit\Desktop\Wisec\app.py:621]
2025-08-04 08:08:26,827 INFO: Wi-Fi Security System startup [in C:\Users\thrit\Desktop\Wisec\app.py:301]
2025-08-04 08:08:26,828 INFO: Initializing AI models... [in C:\Users\thrit\Desktop\Wisec\app.py:309]
2025-08-04 08:09:22,552 ERROR: Failed to initialize AI models: ModelMonitor.__init__() takes from 1 to 2 positional arguments but 3 were given [in C:\Users\thrit\Desktop\Wisec\app.py:350]
2025-08-04 08:09:22,615 INFO: Auth blueprint registered successfully [in C:\Users\thrit\Desktop\Wisec\app.py:367]
2025-08-04 08:09:38,988 INFO: Main blueprint registered successfully [in C:\Users\thrit\Desktop\Wisec\app.py:376]
2025-08-04 08:09:39,000 INFO: Admin blueprint registered successfully [in C:\Users\thrit\Desktop\Wisec\app.py:385]
2025-08-04 08:09:39,011 INFO: API blueprint registered successfully [in C:\Users\thrit\Desktop\Wisec\app.py:394]
2025-08-04 08:09:39,012 INFO: 4 blueprints registered successfully [in C:\Users\thrit\Desktop\Wisec\app.py:398]
2025-08-04 08:09:39,088 INFO: Database setup completed successfully [in C:\Users\thrit\Desktop\Wisec\app.py:588]
2025-08-04 08:09:39,088 INFO: Security configuration completed [in C:\Users\thrit\Desktop\Wisec\app.py:621]
2025-08-04 11:45:47,512 INFO: Wi-Fi Security System startup [in C:\Users\thrit\Desktop\Wisec\app.py:303]
2025-08-04 11:45:47,512 INFO: Initializing AI models... [in C:\Users\thrit\Desktop\Wisec\app.py:311]
2025-08-04 11:45:47,512 INFO: Models already loaded [in C:\Users\thrit\Desktop\Wisec\app\ai_engine\model_loader.py:273]
2025-08-04 11:45:47,512 WARNING: Created default cnn_scaler - cnn_feature_scaler.pkl not found [in C:\Users\thrit\Desktop\Wisec\app\ai_engine\preprocessor.py:136]
2025-08-04 11:45:47,513 WARNING: Created default lstm_scaler - lstm_feature_scaler.pkl not found [in C:\Users\thrit\Desktop\Wisec\app\ai_engine\preprocessor.py:136]
2025-08-04 11:45:47,513 WARNING: Created default gnn_node_scaler - gnn_node_scaler.pkl not found [in C:\Users\thrit\Desktop\Wisec\app\ai_engine\preprocessor.py:136]
2025-08-04 11:45:47,513 WARNING: Created default gnn_edge_scaler - gnn_edge_scaler.pkl not found [in C:\Users\thrit\Desktop\Wisec\app\ai_engine\preprocessor.py:136]
2025-08-04 11:45:48,670 INFO: Initialized BERT tokenizer for Crypto-BERT model [in C:\Users\thrit\Desktop\Wisec\app\ai_engine\preprocessor.py:141]
2025-08-04 11:45:48,671 ERROR: Error loading ensemble configuration: expected str, bytes or os.PathLike object, not ModelLoader [in C:\Users\thrit\Desktop\Wisec\app\ai_engine\ensemble_predictor.py:83]
2025-08-04 11:45:48,671 INFO: Default ensemble weights initialized [in C:\Users\thrit\Desktop\Wisec\app\ai_engine\ensemble_predictor.py:114]
2025-08-04 11:45:48,671 INFO: EnsembleFusionModel initialized successfully [in C:\Users\thrit\Desktop\Wisec\app\ai_engine\ensemble_predictor.py:54]
2025-08-04 11:45:48,674 ERROR: Failed to initialize AI models: ModelMonitor.__init__() takes from 1 to 2 positional arguments but 3 were given [in C:\Users\thrit\Desktop\Wisec\app.py:352]
2025-08-04 11:45:48,679 INFO: Auth blueprint registered successfully [in C:\Users\thrit\Desktop\Wisec\app.py:369]
2025-08-04 11:45:48,684 INFO: Main blueprint registered successfully [in C:\Users\thrit\Desktop\Wisec\app.py:378]
2025-08-04 11:45:48,685 INFO: Admin blueprint registered successfully [in C:\Users\thrit\Desktop\Wisec\app.py:387]
2025-08-04 11:45:48,691 INFO: API blueprint registered successfully [in C:\Users\thrit\Desktop\Wisec\app.py:396]
2025-08-04 11:45:48,692 INFO: 4 blueprints registered successfully [in C:\Users\thrit\Desktop\Wisec\app.py:400]
2025-08-04 11:45:48,698 INFO: Database setup completed successfully [in C:\Users\thrit\Desktop\Wisec\app.py:590]
2025-08-04 11:45:48,698 INFO: Security configuration completed [in C:\Users\thrit\Desktop\Wisec\app.py:623]
2025-08-04 11:45:58,680 INFO: Wi-Fi Security System startup [in C:\Users\thrit\Desktop\Wisec\app.py:303]
2025-08-04 11:45:58,680 INFO: Initializing AI models... [in C:\Users\thrit\Desktop\Wisec\app.py:311]
2025-08-04 11:45:58,681 INFO: Models already loaded [in C:\Users\thrit\Desktop\Wisec\app\ai_engine\model_loader.py:273]
2025-08-04 11:45:58,681 WARNING: Created default cnn_scaler - cnn_feature_scaler.pkl not found [in C:\Users\thrit\Desktop\Wisec\app\ai_engine\preprocessor.py:136]
2025-08-04 11:45:58,681 WARNING: Created default lstm_scaler - lstm_feature_scaler.pkl not found [in C:\Users\thrit\Desktop\Wisec\app\ai_engine\preprocessor.py:136]
2025-08-04 11:45:58,681 WARNING: Created default gnn_node_scaler - gnn_node_scaler.pkl not found [in C:\Users\thrit\Desktop\Wisec\app\ai_engine\preprocessor.py:136]
2025-08-04 11:45:58,681 WARNING: Created default gnn_edge_scaler - gnn_edge_scaler.pkl not found [in C:\Users\thrit\Desktop\Wisec\app\ai_engine\preprocessor.py:136]
2025-08-04 11:45:59,790 INFO: Initialized BERT tokenizer for Crypto-BERT model [in C:\Users\thrit\Desktop\Wisec\app\ai_engine\preprocessor.py:141]
2025-08-04 11:45:59,790 ERROR: Error loading ensemble configuration: expected str, bytes or os.PathLike object, not ModelLoader [in C:\Users\thrit\Desktop\Wisec\app\ai_engine\ensemble_predictor.py:83]
2025-08-04 11:45:59,790 INFO: Default ensemble weights initialized [in C:\Users\thrit\Desktop\Wisec\app\ai_engine\ensemble_predictor.py:114]
2025-08-04 11:45:59,790 INFO: EnsembleFusionModel initialized successfully [in C:\Users\thrit\Desktop\Wisec\app\ai_engine\ensemble_predictor.py:54]
2025-08-04 11:45:59,794 ERROR: Failed to initialize AI models: ModelMonitor.__init__() takes from 1 to 2 positional arguments but 3 were given [in C:\Users\thrit\Desktop\Wisec\app.py:352]
2025-08-04 11:45:59,797 INFO: Auth blueprint registered successfully [in C:\Users\thrit\Desktop\Wisec\app.py:369]
2025-08-04 11:45:59,801 INFO: Main blueprint registered successfully [in C:\Users\thrit\Desktop\Wisec\app.py:378]
2025-08-04 11:45:59,802 INFO: Admin blueprint registered successfully [in C:\Users\thrit\Desktop\Wisec\app.py:387]
2025-08-04 11:45:59,808 INFO: API blueprint registered successfully [in C:\Users\thrit\Desktop\Wisec\app.py:396]
2025-08-04 11:45:59,808 INFO: 4 blueprints registered successfully [in C:\Users\thrit\Desktop\Wisec\app.py:400]
2025-08-04 11:45:59,815 INFO: Database setup completed successfully [in C:\Users\thrit\Desktop\Wisec\app.py:590]
2025-08-04 11:45:59,815 INFO: Security configuration completed [in C:\Users\thrit\Desktop\Wisec\app.py:623]
2025-08-04 12:04:51,632 INFO: Wi-Fi Security System startup [in C:\Users\thrit\Desktop\Wisec\app.py:303]
2025-08-04 12:04:51,644 INFO: Initializing AI models... [in C:\Users\thrit\Desktop\Wisec\app.py:311]
2025-08-04 12:04:51,645 INFO: Models already loaded [in C:\Users\thrit\Desktop\Wisec\app\ai_engine\model_loader.py:273]
2025-08-04 12:04:51,645 WARNING: Created default cnn_scaler - cnn_feature_scaler.pkl not found [in C:\Users\thrit\Desktop\Wisec\app\ai_engine\preprocessor.py:136]
2025-08-04 12:04:51,645 WARNING: Created default lstm_scaler - lstm_feature_scaler.pkl not found [in C:\Users\thrit\Desktop\Wisec\app\ai_engine\preprocessor.py:136]
2025-08-04 12:04:51,645 WARNING: Created default gnn_node_scaler - gnn_node_scaler.pkl not found [in C:\Users\thrit\Desktop\Wisec\app\ai_engine\preprocessor.py:136]
2025-08-04 12:04:51,646 WARNING: Created default gnn_edge_scaler - gnn_edge_scaler.pkl not found [in C:\Users\thrit\Desktop\Wisec\app\ai_engine\preprocessor.py:136]
2025-08-04 12:04:53,305 INFO: Initialized BERT tokenizer for Crypto-BERT model [in C:\Users\thrit\Desktop\Wisec\app\ai_engine\preprocessor.py:141]
2025-08-04 12:04:53,306 ERROR: Error loading ensemble configuration: expected str, bytes or os.PathLike object, not ModelLoader [in C:\Users\thrit\Desktop\Wisec\app\ai_engine\ensemble_predictor.py:83]
2025-08-04 12:04:53,307 INFO: Default ensemble weights initialized [in C:\Users\thrit\Desktop\Wisec\app\ai_engine\ensemble_predictor.py:114]
2025-08-04 12:04:53,307 INFO: EnsembleFusionModel initialized successfully [in C:\Users\thrit\Desktop\Wisec\app\ai_engine\ensemble_predictor.py:54]
2025-08-04 12:04:53,322 ERROR: Failed to initialize AI models: ModelMonitor.__init__() takes from 1 to 2 positional arguments but 3 were given [in C:\Users\thrit\Desktop\Wisec\app.py:352]
2025-08-04 12:04:53,336 INFO: Auth blueprint registered successfully [in C:\Users\thrit\Desktop\Wisec\app.py:369]
2025-08-04 12:04:53,351 INFO: Main blueprint registered successfully [in C:\Users\thrit\Desktop\Wisec\app.py:378]
2025-08-04 12:04:53,355 INFO: Admin blueprint registered successfully [in C:\Users\thrit\Desktop\Wisec\app.py:387]
2025-08-04 12:04:53,373 INFO: API blueprint registered successfully [in C:\Users\thrit\Desktop\Wisec\app.py:396]
2025-08-04 12:04:53,373 INFO: 4 blueprints registered successfully [in C:\Users\thrit\Desktop\Wisec\app.py:400]
2025-08-04 12:04:53,397 INFO: Database setup completed successfully [in C:\Users\thrit\Desktop\Wisec\app.py:590]
2025-08-04 12:04:53,398 INFO: Security configuration completed [in C:\Users\thrit\Desktop\Wisec\app.py:623]
2025-08-04 12:05:05,303 INFO: Wi-Fi Security System startup [in C:\Users\thrit\Desktop\Wisec\app.py:303]
2025-08-04 12:05:05,304 INFO: Initializing AI models... [in C:\Users\thrit\Desktop\Wisec\app.py:311]
2025-08-04 12:05:05,304 INFO: Models already loaded [in C:\Users\thrit\Desktop\Wisec\app\ai_engine\model_loader.py:273]
2025-08-04 12:05:05,305 WARNING: Created default cnn_scaler - cnn_feature_scaler.pkl not found [in C:\Users\thrit\Desktop\Wisec\app\ai_engine\preprocessor.py:136]
2025-08-04 12:05:05,305 WARNING: Created default lstm_scaler - lstm_feature_scaler.pkl not found [in C:\Users\thrit\Desktop\Wisec\app\ai_engine\preprocessor.py:136]
2025-08-04 12:05:05,312 WARNING: Created default gnn_node_scaler - gnn_node_scaler.pkl not found [in C:\Users\thrit\Desktop\Wisec\app\ai_engine\preprocessor.py:136]
2025-08-04 12:05:05,313 WARNING: Created default gnn_edge_scaler - gnn_edge_scaler.pkl not found [in C:\Users\thrit\Desktop\Wisec\app\ai_engine\preprocessor.py:136]
2025-08-04 12:05:06,666 INFO: Initialized BERT tokenizer for Crypto-BERT model [in C:\Users\thrit\Desktop\Wisec\app\ai_engine\preprocessor.py:141]
2025-08-04 12:05:06,667 ERROR: Error loading ensemble configuration: expected str, bytes or os.PathLike object, not ModelLoader [in C:\Users\thrit\Desktop\Wisec\app\ai_engine\ensemble_predictor.py:83]
2025-08-04 12:05:06,668 INFO: Default ensemble weights initialized [in C:\Users\thrit\Desktop\Wisec\app\ai_engine\ensemble_predictor.py:114]
2025-08-04 12:05:06,668 INFO: EnsembleFusionModel initialized successfully [in C:\Users\thrit\Desktop\Wisec\app\ai_engine\ensemble_predictor.py:54]
2025-08-04 12:05:06,677 ERROR: Failed to initialize AI models: ModelMonitor.__init__() takes from 1 to 2 positional arguments but 3 were given [in C:\Users\thrit\Desktop\Wisec\app.py:352]
2025-08-04 12:05:06,691 INFO: Auth blueprint registered successfully [in C:\Users\thrit\Desktop\Wisec\app.py:369]
2025-08-04 12:05:06,709 INFO: Main blueprint registered successfully [in C:\Users\thrit\Desktop\Wisec\app.py:378]
2025-08-04 12:05:06,711 INFO: Admin blueprint registered successfully [in C:\Users\thrit\Desktop\Wisec\app.py:387]
2025-08-04 12:05:06,730 INFO: API blueprint registered successfully [in C:\Users\thrit\Desktop\Wisec\app.py:396]
2025-08-04 12:05:06,731 INFO: 4 blueprints registered successfully [in C:\Users\thrit\Desktop\Wisec\app.py:400]
2025-08-04 12:05:06,751 INFO: Database setup completed successfully [in C:\Users\thrit\Desktop\Wisec\app.py:590]
2025-08-04 12:05:06,752 INFO: Security configuration completed [in C:\Users\thrit\Desktop\Wisec\app.py:623]
2025-08-04 12:47:48,648 INFO: Wi-Fi Security System startup [in C:\Users\thrit\Desktop\Wisec\app.py:303]
2025-08-04 12:47:48,659 INFO: Initializing AI models... [in C:\Users\thrit\Desktop\Wisec\app.py:311]
2025-08-04 12:48:12,428 ERROR: Failed to initialize AI models: ModelMonitor.__init__() takes from 1 to 2 positional arguments but 3 were given [in C:\Users\thrit\Desktop\Wisec\app.py:352]
2025-08-04 12:48:12,473 INFO: Auth blueprint registered successfully [in C:\Users\thrit\Desktop\Wisec\app.py:369]
2025-08-04 12:48:26,458 INFO: Main blueprint registered successfully [in C:\Users\thrit\Desktop\Wisec\app.py:378]
2025-08-04 12:48:26,470 INFO: Admin blueprint registered successfully [in C:\Users\thrit\Desktop\Wisec\app.py:387]
2025-08-04 12:48:26,488 INFO: API blueprint registered successfully [in C:\Users\thrit\Desktop\Wisec\app.py:396]
2025-08-04 12:48:26,490 INFO: 4 blueprints registered successfully [in C:\Users\thrit\Desktop\Wisec\app.py:400]
2025-08-04 12:48:26,566 INFO: Database setup completed successfully [in C:\Users\thrit\Desktop\Wisec\app.py:590]
2025-08-04 12:48:26,567 INFO: Security configuration completed [in C:\Users\thrit\Desktop\Wisec\app.py:623]
2025-08-04 14:12:08,641 INFO: Wi-Fi Security System startup [in C:\Users\thrit\Desktop\Wisec\app.py:303]
2025-08-04 14:12:08,642 INFO: Initializing AI models... [in C:\Users\thrit\Desktop\Wisec\app.py:311]
2025-08-04 14:12:27,899 ERROR: Failed to initialize AI models: ModelMonitor.__init__() takes from 1 to 2 positional arguments but 3 were given [in C:\Users\thrit\Desktop\Wisec\app.py:352]
2025-08-04 14:12:27,932 INFO: Auth blueprint registered successfully [in C:\Users\thrit\Desktop\Wisec\app.py:369]
2025-08-04 14:12:39,856 INFO: Main blueprint registered successfully [in C:\Users\thrit\Desktop\Wisec\app.py:378]
2025-08-04 14:12:39,861 INFO: Admin blueprint registered successfully [in C:\Users\thrit\Desktop\Wisec\app.py:387]
2025-08-04 14:12:39,868 INFO: API blueprint registered successfully [in C:\Users\thrit\Desktop\Wisec\app.py:396]
2025-08-04 14:12:39,868 INFO: 4 blueprints registered successfully [in C:\Users\thrit\Desktop\Wisec\app.py:400]
2025-08-04 14:12:39,903 INFO: Database setup completed successfully [in C:\Users\thrit\Desktop\Wisec\app.py:590]
2025-08-04 14:12:39,904 INFO: Security configuration completed [in C:\Users\thrit\Desktop\Wisec\app.py:623]
2025-08-04 19:51:18,470 INFO: Wi-Fi Security System startup [in C:\Users\thrit\Desktop\Wisec\app.py:303]
2025-08-04 19:51:18,471 INFO: Initializing AI models... [in C:\Users\thrit\Desktop\Wisec\app.py:311]
2025-08-04 19:51:44,465 ERROR: Failed to initialize AI models: ModelMonitor.__init__() takes from 1 to 2 positional arguments but 3 were given [in C:\Users\thrit\Desktop\Wisec\app.py:352]
2025-08-04 19:51:44,554 INFO: Auth blueprint registered successfully [in C:\Users\thrit\Desktop\Wisec\app.py:369]
2025-08-04 19:52:00,337 INFO: Main blueprint registered successfully [in C:\Users\thrit\Desktop\Wisec\app.py:378]
2025-08-04 19:52:00,347 INFO: Admin blueprint registered successfully [in C:\Users\thrit\Desktop\Wisec\app.py:387]
2025-08-04 19:52:00,359 INFO: API blueprint registered successfully [in C:\Users\thrit\Desktop\Wisec\app.py:396]
2025-08-04 19:52:00,359 INFO: 4 blueprints registered successfully [in C:\Users\thrit\Desktop\Wisec\app.py:400]
2025-08-04 19:52:00,432 INFO: Database setup completed successfully [in C:\Users\thrit\Desktop\Wisec\app.py:590]
2025-08-04 19:52:00,433 INFO: Security configuration completed [in C:\Users\thrit\Desktop\Wisec\app.py:623]
2025-08-05 07:54:24,543 INFO: Wi-Fi Security System startup [in C:\Users\thrit\Desktop\Wisec\app.py:303]
2025-08-05 07:54:24,544 INFO: Initializing AI models... [in C:\Users\thrit\Desktop\Wisec\app.py:311]
2025-08-05 07:54:40,868 ERROR: Failed to initialize AI models: ModelMonitor.__init__() takes from 1 to 2 positional arguments but 3 were given [in C:\Users\thrit\Desktop\Wisec\app.py:352]
2025-08-05 07:54:40,898 INFO: Auth blueprint registered successfully [in C:\Users\thrit\Desktop\Wisec\app.py:369]
2025-08-05 07:54:53,429 INFO: Main blueprint registered successfully [in C:\Users\thrit\Desktop\Wisec\app.py:378]
2025-08-05 07:54:53,435 INFO: Admin blueprint registered successfully [in C:\Users\thrit\Desktop\Wisec\app.py:387]
2025-08-05 07:54:53,441 INFO: API blueprint registered successfully [in C:\Users\thrit\Desktop\Wisec\app.py:396]
2025-08-05 07:54:53,441 INFO: 4 blueprints registered successfully [in C:\Users\thrit\Desktop\Wisec\app.py:400]
2025-08-05 07:54:53,474 INFO: Database setup completed successfully [in C:\Users\thrit\Desktop\Wisec\app.py:590]
2025-08-05 07:54:53,475 INFO: Security configuration completed [in C:\Users\thrit\Desktop\Wisec\app.py:623]
2025-08-06 08:25:31,856 INFO: Wi-Fi Security System startup [in C:\Users\thrit\Desktop\Wisec\app.py:303]
2025-08-06 08:25:31,857 INFO: Initializing AI models... [in C:\Users\thrit\Desktop\Wisec\app.py:311]
2025-08-06 08:26:14,103 ERROR: Failed to initialize AI models: ModelMonitor.__init__() takes from 1 to 2 positional arguments but 3 were given [in C:\Users\thrit\Desktop\Wisec\app.py:352]
2025-08-06 08:26:14,141 INFO: Auth blueprint registered successfully [in C:\Users\thrit\Desktop\Wisec\app.py:369]
2025-08-06 08:26:14,477 INFO: Main blueprint registered successfully [in C:\Users\thrit\Desktop\Wisec\app.py:378]
2025-08-06 08:26:14,488 INFO: Admin blueprint registered successfully [in C:\Users\thrit\Desktop\Wisec\app.py:387]
2025-08-06 08:26:14,493 INFO: API blueprint registered successfully [in C:\Users\thrit\Desktop\Wisec\app.py:396]
2025-08-06 08:26:14,494 INFO: 4 blueprints registered successfully [in C:\Users\thrit\Desktop\Wisec\app.py:400]
2025-08-06 08:26:14,535 INFO: Database setup completed successfully [in C:\Users\thrit\Desktop\Wisec\app.py:590]
2025-08-06 08:26:14,536 INFO: Security configuration completed [in C:\Users\thrit\Desktop\Wisec\app.py:623]
2025-08-06 12:49:12,050 INFO: Wi-Fi Security System startup [in C:\Users\thrit\Desktop\Wisec\app.py:303]
2025-08-06 12:49:12,052 INFO: Initializing AI models... [in C:\Users\thrit\Desktop\Wisec\app.py:311]
2025-08-06 12:49:45,331 ERROR: Failed to initialize AI models: ModelMonitor.__init__() takes from 1 to 2 positional arguments but 3 were given [in C:\Users\thrit\Desktop\Wisec\app.py:352]
2025-08-06 12:49:45,397 INFO: Auth blueprint registered successfully [in C:\Users\thrit\Desktop\Wisec\app.py:369]
2025-08-06 12:50:00,508 INFO: Main blueprint registered successfully [in C:\Users\thrit\Desktop\Wisec\app.py:378]
2025-08-06 12:50:00,518 INFO: Admin blueprint registered successfully [in C:\Users\thrit\Desktop\Wisec\app.py:387]
2025-08-06 12:50:00,529 INFO: API blueprint registered successfully [in C:\Users\thrit\Desktop\Wisec\app.py:396]
2025-08-06 12:50:00,529 INFO: 4 blueprints registered successfully [in C:\Users\thrit\Desktop\Wisec\app.py:400]
2025-08-06 12:50:00,612 INFO: Database setup completed successfully [in C:\Users\thrit\Desktop\Wisec\app.py:590]
2025-08-06 12:50:00,613 INFO: Security configuration completed [in C:\Users\thrit\Desktop\Wisec\app.py:623]
2025-08-06 13:40:31,779 INFO: Wi-Fi Security System startup [in C:\Users\thrit\Desktop\Wisec\app.py:303]
2025-08-06 13:40:31,780 INFO: Initializing AI models... [in C:\Users\thrit\Desktop\Wisec\app.py:311]
2025-08-06 13:40:55,886 ERROR: Failed to initialize AI models: ModelMonitor.__init__() takes from 1 to 2 positional arguments but 3 were given [in C:\Users\thrit\Desktop\Wisec\app.py:352]
2025-08-06 13:40:55,954 INFO: Auth blueprint registered successfully [in C:\Users\thrit\Desktop\Wisec\app.py:369]
2025-08-06 13:41:10,356 INFO: Main blueprint registered successfully [in C:\Users\thrit\Desktop\Wisec\app.py:378]
2025-08-06 13:41:10,369 INFO: Admin blueprint registered successfully [in C:\Users\thrit\Desktop\Wisec\app.py:387]
2025-08-06 13:41:10,390 INFO: API blueprint registered successfully [in C:\Users\thrit\Desktop\Wisec\app.py:396]
2025-08-06 13:41:10,390 INFO: 4 blueprints registered successfully [in C:\Users\thrit\Desktop\Wisec\app.py:400]
2025-08-06 13:41:10,449 INFO: Database setup completed successfully [in C:\Users\thrit\Desktop\Wisec\app.py:590]
2025-08-06 13:41:10,449 INFO: Security configuration completed [in C:\Users\thrit\Desktop\Wisec\app.py:623]
2025-08-06 19:27:23,533 INFO: Wi-Fi Security System startup [in C:\Users\thrit\Desktop\Wisec\app.py:303]
2025-08-06 19:27:23,546 INFO: Initializing AI models... [in C:\Users\thrit\Desktop\Wisec\app.py:311]
2025-08-06 19:27:47,066 ERROR: Failed to initialize AI models: ModelMonitor.__init__() takes from 1 to 2 positional arguments but 3 were given [in C:\Users\thrit\Desktop\Wisec\app.py:352]
2025-08-06 19:27:47,141 INFO: Auth blueprint registered successfully [in C:\Users\thrit\Desktop\Wisec\app.py:369]
2025-08-06 19:28:06,132 INFO: Main blueprint registered successfully [in C:\Users\thrit\Desktop\Wisec\app.py:378]
2025-08-06 19:28:06,141 INFO: Admin blueprint registered successfully [in C:\Users\thrit\Desktop\Wisec\app.py:387]
2025-08-06 19:28:06,152 INFO: API blueprint registered successfully [in C:\Users\thrit\Desktop\Wisec\app.py:396]
2025-08-06 19:28:06,153 INFO: 4 blueprints registered successfully [in C:\Users\thrit\Desktop\Wisec\app.py:400]
2025-08-06 19:28:06,309 INFO: Database setup completed successfully [in C:\Users\thrit\Desktop\Wisec\app.py:590]
2025-08-06 19:28:06,324 INFO: Security configuration completed [in C:\Users\thrit\Desktop\Wisec\app.py:623]
2025-08-06 20:43:37,751 INFO: Wi-Fi Security System startup [in C:\Users\thrit\Desktop\Wisec\app.py:303]
2025-08-06 20:43:37,753 INFO: Initializing AI models... [in C:\Users\thrit\Desktop\Wisec\app.py:311]
2025-08-06 20:43:59,465 ERROR: Failed to initialize AI models: ModelMonitor.__init__() takes from 1 to 2 positional arguments but 3 were given [in C:\Users\thrit\Desktop\Wisec\app.py:352]
2025-08-06 20:43:59,525 INFO: Auth blueprint registered successfully [in C:\Users\thrit\Desktop\Wisec\app.py:369]
2025-08-06 20:44:14,221 INFO: Main blueprint registered successfully [in C:\Users\thrit\Desktop\Wisec\app.py:378]
2025-08-06 20:44:14,238 INFO: Admin blueprint registered successfully [in C:\Users\thrit\Desktop\Wisec\app.py:387]
2025-08-06 20:44:14,240 INFO: API blueprint registered successfully [in C:\Users\thrit\Desktop\Wisec\app.py:396]
2025-08-06 20:44:14,241 INFO: 4 blueprints registered successfully [in C:\Users\thrit\Desktop\Wisec\app.py:400]
2025-08-06 20:44:14,340 INFO: Database setup completed successfully [in C:\Users\thrit\Desktop\Wisec\app.py:590]
2025-08-06 20:44:14,341 INFO: Security configuration completed [in C:\Users\thrit\Desktop\Wisec\app.py:623]
2025-08-07 07:05:02,696 INFO: Wi-Fi Security System startup [in C:\Users\thrit\Desktop\Wisec\app.py:303]
2025-08-07 07:05:02,697 INFO: Initializing AI models... [in C:\Users\thrit\Desktop\Wisec\app.py:311]
2025-08-07 07:05:34,417 ERROR: Failed to initialize AI models: ModelMonitor.__init__() takes from 1 to 2 positional arguments but 3 were given [in C:\Users\thrit\Desktop\Wisec\app.py:352]
2025-08-07 07:05:34,501 INFO: Auth blueprint registered successfully [in C:\Users\thrit\Desktop\Wisec\app.py:369]
2025-08-07 07:05:48,638 INFO: Main blueprint registered successfully [in C:\Users\thrit\Desktop\Wisec\app.py:378]
2025-08-07 07:05:48,660 INFO: Admin blueprint registered successfully [in C:\Users\thrit\Desktop\Wisec\app.py:387]
2025-08-07 07:05:48,663 INFO: API blueprint registered successfully [in C:\Users\thrit\Desktop\Wisec\app.py:396]
2025-08-07 07:05:48,664 INFO: 4 blueprints registered successfully [in C:\Users\thrit\Desktop\Wisec\app.py:400]
2025-08-07 07:05:48,771 INFO: Database setup completed successfully [in C:\Users\thrit\Desktop\Wisec\app.py:590]
2025-08-07 07:05:48,772 INFO: Security configuration completed [in C:\Users\thrit\Desktop\Wisec\app.py:623]
2025-08-07 07:18:17,962 INFO: Wi-Fi Security System startup [in C:\Users\thrit\Desktop\Wisec\app.py:303]
2025-08-07 07:18:17,963 INFO: Initializing AI models... [in C:\Users\thrit\Desktop\Wisec\app.py:311]
2025-08-07 07:18:39,949 ERROR: Failed to initialize AI models: ModelMonitor.__init__() takes from 1 to 2 positional arguments but 3 were given [in C:\Users\thrit\Desktop\Wisec\app.py:352]
2025-08-07 07:18:40,016 INFO: Auth blueprint registered successfully [in C:\Users\thrit\Desktop\Wisec\app.py:369]
2025-08-07 07:18:55,964 INFO: Main blueprint registered successfully [in C:\Users\thrit\Desktop\Wisec\app.py:378]
2025-08-07 07:18:55,982 INFO: Admin blueprint registered successfully [in C:\Users\thrit\Desktop\Wisec\app.py:387]
2025-08-07 07:18:55,985 INFO: API blueprint registered successfully [in C:\Users\thrit\Desktop\Wisec\app.py:396]
2025-08-07 07:18:55,986 INFO: 4 blueprints registered successfully [in C:\Users\thrit\Desktop\Wisec\app.py:400]
2025-08-07 07:18:56,078 INFO: Database setup completed successfully [in C:\Users\thrit\Desktop\Wisec\app.py:590]
2025-08-07 07:18:56,080 INFO: Security configuration completed [in C:\Users\thrit\Desktop\Wisec\app.py:623]
2025-08-07 09:34:02,689 INFO: Wi-Fi Security System startup [in C:\Users\thrit\Desktop\Wisec\app.py:303]
2025-08-07 09:34:02,690 INFO: Initializing AI models... [in C:\Users\thrit\Desktop\Wisec\app.py:311]
2025-08-07 09:34:18,305 ERROR: Failed to initialize AI models: ModelMonitor.__init__() takes from 1 to 2 positional arguments but 3 were given [in C:\Users\thrit\Desktop\Wisec\app.py:352]
2025-08-07 09:34:18,337 INFO: Auth blueprint registered successfully [in C:\Users\thrit\Desktop\Wisec\app.py:369]
2025-08-07 09:34:30,705 INFO: Main blueprint registered successfully [in C:\Users\thrit\Desktop\Wisec\app.py:378]
2025-08-07 09:34:30,710 INFO: Admin blueprint registered successfully [in C:\Users\thrit\Desktop\Wisec\app.py:387]
2025-08-07 09:34:30,710 INFO: API blueprint registered successfully [in C:\Users\thrit\Desktop\Wisec\app.py:396]
2025-08-07 09:34:30,711 INFO: Wi-Fi Scanner blueprint registered successfully [in C:\Users\thrit\Desktop\Wisec\app.py:405]
2025-08-07 09:34:30,712 INFO: 5 blueprints registered successfully [in C:\Users\thrit\Desktop\Wisec\app.py:410]
2025-08-07 09:34:30,743 INFO: Database setup completed successfully [in C:\Users\thrit\Desktop\Wisec\app.py:600]
2025-08-07 09:34:30,744 INFO: Security configuration completed [in C:\Users\thrit\Desktop\Wisec\app.py:633]
2025-08-07 13:49:38,065 INFO: Wi-Fi Security System startup [in C:\Users\thrit\Desktop\Wisec\app.py:303]
2025-08-07 13:49:38,067 INFO: Initializing AI models... [in C:\Users\thrit\Desktop\Wisec\app.py:311]
2025-08-07 13:50:09,068 ERROR: Failed to initialize AI models: ModelMonitor.__init__() takes from 1 to 2 positional arguments but 3 were given [in C:\Users\thrit\Desktop\Wisec\app.py:352]
2025-08-07 13:50:09,133 INFO: Auth blueprint registered successfully [in C:\Users\thrit\Desktop\Wisec\app.py:369]
2025-08-07 13:50:25,769 INFO: Main blueprint registered successfully [in C:\Users\thrit\Desktop\Wisec\app.py:378]
2025-08-07 13:50:25,780 INFO: Admin blueprint registered successfully [in C:\Users\thrit\Desktop\Wisec\app.py:387]
2025-08-07 13:50:25,781 INFO: API blueprint registered successfully [in C:\Users\thrit\Desktop\Wisec\app.py:396]
2025-08-07 13:50:25,785 INFO: Wi-Fi Scanner blueprint registered successfully [in C:\Users\thrit\Desktop\Wisec\app.py:405]
2025-08-07 13:50:25,786 INFO: 5 blueprints registered successfully [in C:\Users\thrit\Desktop\Wisec\app.py:410]
2025-08-07 13:50:25,856 INFO: Database setup completed successfully [in C:\Users\thrit\Desktop\Wisec\app.py:600]
2025-08-07 13:50:25,857 INFO: Security configuration completed [in C:\Users\thrit\Desktop\Wisec\app.py:633]
2025-08-08 10:14:20,384 INFO: Wi-Fi Security System startup [in C:\Users\thrit\Desktop\Wisec\app.py:303]
2025-08-08 10:14:20,386 INFO: Initializing AI models... [in C:\Users\thrit\Desktop\Wisec\app.py:311]
2025-08-08 10:14:20,386 INFO: Models already loaded [in C:\Users\thrit\Desktop\Wisec\app\ai_engine\model_loader.py:273]
2025-08-08 10:14:20,391 INFO: Pre-fitted scalers with sample data [in C:\Users\thrit\Desktop\Wisec\app\ai_engine\preprocessor.py:156]
2025-08-08 10:14:20,392 INFO: Initialized fresh scalers for all model types [in C:\Users\thrit\Desktop\Wisec\app\ai_engine\preprocessor.py:132]
2025-08-09 00:16:10,818 INFO: Wi-Fi Security System startup [in C:\Users\thrit\Desktop\Wisec\app.py:303]
2025-08-09 00:16:10,819 INFO: Initializing AI models... [in C:\Users\thrit\Desktop\Wisec\app.py:311]
2025-08-09 00:16:40,453 ERROR: Failed to initialize AI models: ModelMonitor.__init__() takes from 1 to 2 positional arguments but 3 were given [in C:\Users\thrit\Desktop\Wisec\app.py:352]
2025-08-09 00:16:40,504 INFO: Auth blueprint registered successfully [in C:\Users\thrit\Desktop\Wisec\app.py:369]
2025-08-09 00:16:55,453 INFO: Main blueprint registered successfully [in C:\Users\thrit\Desktop\Wisec\app.py:378]
2025-08-09 00:16:55,470 INFO: Admin blueprint registered successfully [in C:\Users\thrit\Desktop\Wisec\app.py:387]
2025-08-09 00:16:55,471 INFO: API blueprint registered successfully [in C:\Users\thrit\Desktop\Wisec\app.py:396]
2025-08-09 00:16:55,473 INFO: Wi-Fi Scanner blueprint registered successfully [in C:\Users\thrit\Desktop\Wisec\app.py:405]
2025-08-09 00:16:55,474 INFO: 5 blueprints registered successfully [in C:\Users\thrit\Desktop\Wisec\app.py:410]
2025-08-09 00:16:55,535 INFO: Database setup completed successfully [in C:\Users\thrit\Desktop\Wisec\app.py:600]
2025-08-09 00:16:55,536 INFO: Security configuration completed [in C:\Users\thrit\Desktop\Wisec\app.py:633]
2025-08-09 01:42:34,864 INFO: Wi-Fi Security System startup [in C:\Users\thrit\Desktop\Wisec\app.py:303]
2025-08-09 01:42:34,875 INFO: Initializing AI models... [in C:\Users\thrit\Desktop\Wisec\app.py:311]
2025-08-09 01:42:51,051 ERROR: Failed to initialize AI models: ModelMonitor.__init__() takes from 1 to 2 positional arguments but 3 were given [in C:\Users\thrit\Desktop\Wisec\app.py:352]
2025-08-09 01:42:51,090 INFO: Auth blueprint registered successfully [in C:\Users\thrit\Desktop\Wisec\app.py:369]
2025-08-09 01:43:04,168 INFO: Main blueprint registered successfully [in C:\Users\thrit\Desktop\Wisec\app.py:378]
2025-08-09 01:43:04,180 INFO: Admin blueprint registered successfully [in C:\Users\thrit\Desktop\Wisec\app.py:387]
2025-08-09 01:43:04,181 INFO: API blueprint registered successfully [in C:\Users\thrit\Desktop\Wisec\app.py:396]
2025-08-09 01:43:04,182 INFO: Wi-Fi Scanner blueprint registered successfully [in C:\Users\thrit\Desktop\Wisec\app.py:405]
2025-08-09 01:43:04,182 INFO: 5 blueprints registered successfully [in C:\Users\thrit\Desktop\Wisec\app.py:410]
2025-08-09 01:43:04,221 INFO: Database setup completed successfully [in C:\Users\thrit\Desktop\Wisec\app.py:600]
2025-08-09 01:43:04,222 INFO: Security configuration completed [in C:\Users\thrit\Desktop\Wisec\app.py:633]
2025-08-09 09:37:44,246 INFO: Wi-Fi Security System startup [in C:\Users\thrit\Desktop\Wisec\app.py:303]
2025-08-09 09:37:44,257 INFO: Initializing AI models... [in C:\Users\thrit\Desktop\Wisec\app.py:311]
2025-08-09 09:38:04,468 ERROR: Failed to initialize AI models: ModelMonitor.__init__() takes from 1 to 2 positional arguments but 3 were given [in C:\Users\thrit\Desktop\Wisec\app.py:352]
2025-08-09 09:38:04,549 INFO: Auth blueprint registered successfully [in C:\Users\thrit\Desktop\Wisec\app.py:369]
2025-08-09 09:38:20,761 INFO: Main blueprint registered successfully [in C:\Users\thrit\Desktop\Wisec\app.py:378]
2025-08-09 09:38:20,771 INFO: Admin blueprint registered successfully [in C:\Users\thrit\Desktop\Wisec\app.py:387]
2025-08-09 09:38:20,773 INFO: API blueprint registered successfully [in C:\Users\thrit\Desktop\Wisec\app.py:396]
2025-08-09 09:38:20,777 INFO: Wi-Fi Scanner blueprint registered successfully [in C:\Users\thrit\Desktop\Wisec\app.py:405]
2025-08-09 09:38:20,778 INFO: 5 blueprints registered successfully [in C:\Users\thrit\Desktop\Wisec\app.py:410]
2025-08-09 09:38:20,848 INFO: Database setup completed successfully [in C:\Users\thrit\Desktop\Wisec\app.py:600]
2025-08-09 09:38:20,849 INFO: Security configuration completed [in C:\Users\thrit\Desktop\Wisec\app.py:633]
2025-08-09 19:12:10,958 INFO: Wi-Fi Security System startup [in C:\Users\thrit\Desktop\Wisec\app.py:303]
2025-08-09 19:12:10,969 INFO: Initializing AI models... [in C:\Users\thrit\Desktop\Wisec\app.py:311]
2025-08-09 19:12:32,772 ERROR: Failed to initialize AI models: ModelMonitor.__init__() takes from 1 to 2 positional arguments but 3 were given [in C:\Users\thrit\Desktop\Wisec\app.py:352]
2025-08-09 19:12:32,865 INFO: Auth blueprint registered successfully [in C:\Users\thrit\Desktop\Wisec\app.py:369]
2025-08-09 19:12:50,332 INFO: Main blueprint registered successfully [in C:\Users\thrit\Desktop\Wisec\app.py:378]
2025-08-09 19:12:50,343 INFO: Admin blueprint registered successfully [in C:\Users\thrit\Desktop\Wisec\app.py:387]
2025-08-09 19:12:50,345 INFO: API blueprint registered successfully [in C:\Users\thrit\Desktop\Wisec\app.py:396]
2025-08-09 19:12:50,347 INFO: Wi-Fi Scanner blueprint registered successfully [in C:\Users\thrit\Desktop\Wisec\app.py:405]
2025-08-09 19:12:50,347 INFO: 5 blueprints registered successfully [in C:\Users\thrit\Desktop\Wisec\app.py:410]
2025-08-09 19:12:50,413 INFO: Database setup completed successfully [in C:\Users\thrit\Desktop\Wisec\app.py:600]
2025-08-09 19:12:50,414 INFO: Security configuration completed [in C:\Users\thrit\Desktop\Wisec\app.py:633]
2025-08-09 21:19:04,995 INFO: Wi-Fi Security System startup [in C:\Users\thrit\Desktop\Wisec\app.py:303]
2025-08-09 21:19:04,998 INFO: Initializing AI models... [in C:\Users\thrit\Desktop\Wisec\app.py:311]
2025-08-09 21:20:06,193 ERROR: Failed to initialize AI models: ModelMonitor.__init__() takes from 1 to 2 positional arguments but 3 were given [in C:\Users\thrit\Desktop\Wisec\app.py:352]
2025-08-09 21:20:06,294 INFO: Auth blueprint registered successfully [in C:\Users\thrit\Desktop\Wisec\app.py:369]
2025-08-09 21:20:27,802 INFO: Main blueprint registered successfully [in C:\Users\thrit\Desktop\Wisec\app.py:378]
2025-08-09 21:20:27,819 INFO: Admin blueprint registered successfully [in C:\Users\thrit\Desktop\Wisec\app.py:387]
2025-08-09 21:20:27,820 INFO: API blueprint registered successfully [in C:\Users\thrit\Desktop\Wisec\app.py:396]
2025-08-09 21:20:27,822 INFO: Wi-Fi Scanner blueprint registered successfully [in C:\Users\thrit\Desktop\Wisec\app.py:405]
2025-08-09 21:20:27,823 INFO: 5 blueprints registered successfully [in C:\Users\thrit\Desktop\Wisec\app.py:410]
2025-08-09 21:20:27,901 INFO: Database setup completed successfully [in C:\Users\thrit\Desktop\Wisec\app.py:600]
2025-08-09 21:20:27,902 INFO: Security configuration completed [in C:\Users\thrit\Desktop\Wisec\app.py:633]
2025-08-11 20:46:09,921 INFO: Wi-Fi Security System startup [in C:\Users\thrit\Desktop\Wisec\app.py:303]
2025-08-11 20:46:09,921 INFO: Initializing AI models... [in C:\Users\thrit\Desktop\Wisec\app.py:311]
2025-08-11 20:46:28,498 ERROR: Failed to initialize AI models: ModelMonitor.__init__() takes from 1 to 2 positional arguments but 3 were given [in C:\Users\thrit\Desktop\Wisec\app.py:352]
2025-08-11 20:46:28,534 INFO: Auth blueprint registered successfully [in C:\Users\thrit\Desktop\Wisec\app.py:369]
2025-08-11 20:46:44,298 INFO: Main blueprint registered successfully [in C:\Users\thrit\Desktop\Wisec\app.py:378]
2025-08-11 20:46:44,314 INFO: Admin blueprint registered successfully [in C:\Users\thrit\Desktop\Wisec\app.py:387]
2025-08-11 20:46:44,315 INFO: API blueprint registered successfully [in C:\Users\thrit\Desktop\Wisec\app.py:396]
2025-08-11 20:46:44,317 INFO: Wi-Fi Scanner blueprint registered successfully [in C:\Users\thrit\Desktop\Wisec\app.py:405]
2025-08-11 20:46:44,317 INFO: 5 blueprints registered successfully [in C:\Users\thrit\Desktop\Wisec\app.py:410]
2025-08-11 20:46:44,358 INFO: Database setup completed successfully [in C:\Users\thrit\Desktop\Wisec\app.py:600]
2025-08-11 20:46:44,358 INFO: Security configuration completed [in C:\Users\thrit\Desktop\Wisec\app.py:633]
2025-08-12 08:59:33,942 INFO: Wi-Fi Security System startup [in C:\Users\thrit\Desktop\Wisec\app.py:337]
2025-08-12 08:59:33,943 INFO: Checking AI models initialization... [in C:\Users\thrit\Desktop\Wisec\app.py:345]
2025-08-12 08:59:52,812 INFO: Initializing AI models (singleton pattern)... [in C:\Users\thrit\Desktop\Wisec\app.py:151]
2025-08-12 09:00:01,601 ERROR: Failed to initialize AI models: 'ModelLoader' object is not iterable [in C:\Users\thrit\Desktop\Wisec\app.py:172]
2025-08-12 09:00:01,605 INFO: Running without AI models [in C:\Users\thrit\Desktop\Wisec\app.py:359]
2025-08-12 09:00:01,642 INFO: Auth blueprint registered successfully [in C:\Users\thrit\Desktop\Wisec\app.py:378]
2025-08-12 09:00:01,645 INFO: API blueprint registered successfully [in C:\Users\thrit\Desktop\Wisec\app.py:387]
2025-08-12 09:00:01,664 INFO: Wi-Fi Scanner blueprint registered successfully [in C:\Users\thrit\Desktop\Wisec\app.py:396]
2025-08-12 09:00:01,682 INFO: Admin blueprint registered successfully [in C:\Users\thrit\Desktop\Wisec\app.py:405]
2025-08-12 09:00:23,002 INFO: Main blueprint registered successfully [in C:\Users\thrit\Desktop\Wisec\app.py:414]
2025-08-12 09:00:23,002 INFO: 5 blueprints registered successfully [in C:\Users\thrit\Desktop\Wisec\app.py:418]
2025-08-12 09:00:23,067 INFO: Database setup completed successfully [in C:\Users\thrit\Desktop\Wisec\app.py:579]
2025-08-12 09:00:23,068 INFO: Security configuration completed [in C:\Users\thrit\Desktop\Wisec\app.py:611]
2025-08-12 18:14:36,457 INFO: Wi-Fi Security System startup [in C:\Users\thrit\Desktop\Wisec\app.py:337]
2025-08-12 18:14:36,459 INFO: Checking AI models initialization... [in C:\Users\thrit\Desktop\Wisec\app.py:345]
2025-08-12 18:15:02,190 INFO: Initializing AI models (singleton pattern)... [in C:\Users\thrit\Desktop\Wisec\app.py:151]
2025-08-12 18:15:11,583 ERROR: Failed to initialize AI models: 'ModelLoader' object is not iterable [in C:\Users\thrit\Desktop\Wisec\app.py:172]
2025-08-12 18:15:11,588 INFO: Running without AI models [in C:\Users\thrit\Desktop\Wisec\app.py:359]
2025-08-12 18:15:11,634 INFO: Auth blueprint registered successfully [in C:\Users\thrit\Desktop\Wisec\app.py:378]
2025-08-12 18:15:11,637 INFO: API blueprint registered successfully [in C:\Users\thrit\Desktop\Wisec\app.py:387]
2025-08-12 18:15:11,662 INFO: Wi-Fi Scanner blueprint registered successfully [in C:\Users\thrit\Desktop\Wisec\app.py:396]
2025-08-12 18:15:11,695 INFO: Admin blueprint registered successfully [in C:\Users\thrit\Desktop\Wisec\app.py:405]
2025-08-12 18:15:47,298 INFO: Main blueprint registered successfully [in C:\Users\thrit\Desktop\Wisec\app.py:414]
2025-08-12 18:15:47,298 INFO: 5 blueprints registered successfully [in C:\Users\thrit\Desktop\Wisec\app.py:418]
2025-08-12 18:15:47,388 INFO: Database setup completed successfully [in C:\Users\thrit\Desktop\Wisec\app.py:579]
2025-08-12 18:15:47,396 INFO: Security configuration completed [in C:\Users\thrit\Desktop\Wisec\app.py:611]
2025-08-13 09:17:16,646 INFO: Wi-Fi Security System startup [in C:\Users\thrit\Desktop\Wisec\app.py:337]
2025-08-13 09:17:16,647 INFO: Checking AI models initialization... [in C:\Users\thrit\Desktop\Wisec\app.py:345]
2025-08-13 09:17:32,791 INFO: Initializing AI models (singleton pattern)... [in C:\Users\thrit\Desktop\Wisec\app.py:151]
2025-08-13 09:17:44,006 ERROR: Failed to initialize AI models: 'ModelLoader' object is not iterable [in C:\Users\thrit\Desktop\Wisec\app.py:172]
2025-08-13 09:17:44,010 INFO: Running without AI models [in C:\Users\thrit\Desktop\Wisec\app.py:359]
2025-08-13 09:17:44,045 INFO: Auth blueprint registered successfully [in C:\Users\thrit\Desktop\Wisec\app.py:378]
2025-08-13 09:17:44,048 INFO: API blueprint registered successfully [in C:\Users\thrit\Desktop\Wisec\app.py:387]
2025-08-13 09:17:44,065 INFO: Wi-Fi Scanner blueprint registered successfully [in C:\Users\thrit\Desktop\Wisec\app.py:396]
2025-08-13 09:17:44,083 INFO: Admin blueprint registered successfully [in C:\Users\thrit\Desktop\Wisec\app.py:405]
2025-08-13 09:19:10,687 INFO: Main blueprint registered successfully [in C:\Users\thrit\Desktop\Wisec\app.py:414]
2025-08-13 09:19:10,687 INFO: 5 blueprints registered successfully [in C:\Users\thrit\Desktop\Wisec\app.py:418]
2025-08-13 09:19:10,722 INFO: Database setup completed successfully [in C:\Users\thrit\Desktop\Wisec\app.py:579]
2025-08-13 09:19:10,722 INFO: Security configuration completed [in C:\Users\thrit\Desktop\Wisec\app.py:611]
